\BOOKMARK [0][]{chapter.1}{1 Grundlagen \(Beispiele f\374r Formatierung\)}{}% 1
\BOOKMARK [1][]{section.1.1}{1.1 Typen von Chipkarten}{chapter.1}% 2
\BOOKMARK [2][]{subsection.1.1.1}{1.1.1 Speicherchipkarten}{section.1.1}% 3
\BOOKMARK [2][]{subsection.1.1.2}{1.1.2 BER-TLV}{section.1.1}% 4
\BOOKMARK [1][]{section.1.2}{1.2 Kein 1.1 ohne 1.2}{chapter.1}% 5
\BOOKMARK [1][]{section.1.3}{1.3 Keine mehrzeiligen \334berschriften; das sieht schrecklich aus und l\344sst sich immer vermeiden!}{chapter.1}% 6
\BOOKMARK [1][]{section.1.4}{1.4 Keine mehrzeiligen \334berschriften}{chapter.1}% 7
\BOOKMARK [0][]{chapter.2}{2 Tipps}{}% 8
\BOOKMARK [1][]{section.2.1}{2.1 Wichtiges zum Ablauf der Masterarbeit}{chapter.2}% 9
\BOOKMARK [2][]{subsection.2.1.1}{2.1.1 Am Anfang}{section.2.1}% 10
\BOOKMARK [2][]{subsection.2.1.2}{2.1.2 Nach dem ersten Drittel}{section.2.1}% 11
% TODO: \usepackage{graphicx} required
\begin{figure}
\centering
\includegraphics[width=0.7\linewidth]{thesis}
\caption{}
\label{fig:thesis}
\end{figure}
\BOOKMARK [2][]{subsection.2.1.3}{2.1.3 Nach der H\344lfte \(oder zumindest 1 Mal pro Semester\)}{section.2.1}% 12
\BOOKMARK [2][]{subsection.2.1.4}{2.1.4 Endphase der Masterarbeit }{section.2.1}% 13
\BOOKMARK [2][]{subsection.2.1.5}{2.1.5 Endlich: Der Vortrag bei der Masterpr\374fung \(oder Endpr\344sentation\)}{section.2.1}% 14
\BOOKMARK [2][]{subsection.2.1.6}{2.1.6 Diverses}{section.2.1}% 15
\BOOKMARK [1][]{section.2.2}{2.2 Wichtiges zu Bachelorarbeiten}{chapter.2}% 16
\BOOKMARK [1][]{section.2.3}{2.3 Wichtiges zu Seminararbeiten}{chapter.2}% 17
\BOOKMARK [1][]{section.2.4}{2.4 Richtlinien und Tipps f\374r wissenschaftliche Arbeiten}{chapter.2}% 18
\BOOKMARK [2][]{subsection.2.4.1}{2.4.1 \304u\337ere Form}{section.2.4}% 19
\BOOKMARK [2][]{subsection.2.4.2}{2.4.2 Gliederung}{section.2.4}% 20
\BOOKMARK [2][]{subsection.2.4.3}{2.4.3 Text}{section.2.4}% 21
\BOOKMARK [2][]{subsection.2.4.4}{2.4.4 Abbildungen und Tabellen}{section.2.4}% 22
\BOOKMARK [2][]{subsection.2.4.5}{2.4.5 Formeln}{section.2.4}% 23
\BOOKMARK [2][]{subsection.2.4.6}{2.4.6 Diverses}{section.2.4}% 24
\BOOKMARK [2][]{subsection.2.4.7}{2.4.7 Ausdruck und Stil}{section.2.4}% 25
\BOOKMARK [2][]{subsection.2.4.8}{2.4.8 Zitierrichtlinien}{section.2.4}% 26
\BOOKMARK [2][]{subsection.2.4.9}{2.4.9 Literatur}{section.2.4}% 27
\BOOKMARK [0][]{appendix.A}{A Implementierungen}{}% 28
\BOOKMARK [1][]{section.A.1}{A.1 GET CHALLENGE}{appendix.A}% 29
\BOOKMARK [1][]{section.A.2}{A.2 Kein A.1 ohne A.2}{appendix.A}% 30
\BOOKMARK [0][]{appendix*.3}{Literaturverzeichnis}{}% 31
